7.8974 	DEBUG 	Fullscreen settings ignored as running in pilot mode.
7.8984 	INFO 	Loaded monitor calibration from ['2026_03_19 09:19']
8.2127 	INFO 	Using renderer 'Intel(R) UHD Graphics' for graphics
8.2127 	INFO 	OpenGL version supported by driver is 4..
9.0747 	EXP 	Created window1 = Window(allowGUI=False, allowStencil=False, autoLog=True, backendConf=UNKNOWN, backgroundFit=<method-wrapper '__getattribute__' of attributeSetter object at 0x000001EA6B5E7C10>, backgroundImage=<method-wrapper '__getattribute__' of attributeSetter object at 0x000001EA6B5E7C70>, bitsMode=UNKNOWN, blendMode='avg', bpc=(8, 8, 8), color=array([0, 0, 0]), colorSpace='rgb', depthBits=8, fullscr=False, gamma=None, gammaErrorPolicy='raise', infoMsg=UNKNOWN, lms=UNKNOWN, monitor=<psychopy.monitors.calibTools.Monitor object at 0x000001EA6B068D00>, multiSample=False, name='window1', numSamples=2, pos=[np.float64(560.0), np.float64(240.0)], screen=0, size=array([800, 600]), stencilBits=0, stereo=False, title='PsychoPy', units='height', useFBO=True, useRetina=False, viewOri=0.0, viewPos=None, viewScale=None, waitBlanking=True, winType='pyglet')
9.0748 	EXP 	window1: backgroundImage = ''
9.0749 	EXP 	window1: backgroundFit = 'none'
9.1128 	DEBUG 	TextBox2 loaded 1 chars with 0 blanks and 1 valid
9.1291 	DEBUG 	TextBox2 loaded 1 chars with 0 blanks and 1 valid
9.1457 	DEBUG 	TextBox2 loaded 1 chars with 0 blanks and 1 valid
9.1611 	DEBUG 	TextBox2 loaded 1 chars with 0 blanks and 1 valid
9.1761 	DEBUG 	TextBox2 loaded 1 chars with 0 blanks and 1 valid
9.1910 	DEBUG 	TextBox2 loaded 1 chars with 0 blanks and 1 valid
9.2074 	DEBUG 	TextBox2 loaded 1 chars with 0 blanks and 1 valid
9.2241 	DEBUG 	TextBox2 loaded 1 chars with 0 blanks and 1 valid
9.2397 	DEBUG 	TextBox2 loaded 1 chars with 0 blanks and 1 valid
9.2543 	DEBUG 	TextBox2 loaded 1 chars with 0 blanks and 1 valid
9.2690 	DEBUG 	TextBox2 loaded 1 chars with 0 blanks and 1 valid
9.2834 	DEBUG 	TextBox2 loaded 1 chars with 0 blanks and 1 valid
9.2979 	DEBUG 	TextBox2 loaded 1 chars with 0 blanks and 1 valid
9.3125 	DEBUG 	TextBox2 loaded 1 chars with 0 blanks and 1 valid
9.3274 	DEBUG 	TextBox2 loaded 1 chars with 0 blanks and 1 valid
9.3419 	DEBUG 	TextBox2 loaded 1 chars with 0 blanks and 1 valid
9.3569 	DEBUG 	TextBox2 loaded 1 chars with 0 blanks and 1 valid
9.3716 	DEBUG 	TextBox2 loaded 1 chars with 0 blanks and 1 valid
9.3870 	DEBUG 	TextBox2 loaded 1 chars with 0 blanks and 1 valid
9.4014 	DEBUG 	TextBox2 loaded 1 chars with 0 blanks and 1 valid
9.4161 	DEBUG 	TextBox2 loaded 1 chars with 0 blanks and 1 valid
9.4166 	DEBUG 	Uploading Texture Font fontname to graphics card
9.4261 	DEBUG 	Upload of Texture Font fontname complete
9.4603 	DEBUG 	TextBox2 loaded 1 chars with 0 blanks and 1 valid
9.4769 	DEBUG 	TextBox2 loaded 1 chars with 0 blanks and 1 valid
9.4937 	DEBUG 	TextBox2 loaded 1 chars with 0 blanks and 1 valid
9.4941 	DEBUG 	Uploading Texture Font fontname to graphics card
9.5059 	DEBUG 	Upload of Texture Font fontname complete
9.5094 	EXP 	window1: Attempting to measure frame rate of screen (0) ...
9.5095 	EXP 	window1: recordFrameIntervals = False
9.7225 	EXP 	window1: recordFrameIntervals = True
11.3878 	EXP 	window1: recordFrameIntervals = False
11.3879 	EXP 	Screen (0) actual frame rate measured at 60.14Hz
11.4240 	DEBUG 	TextBox2 loaded 1 chars with 0 blanks and 1 valid
11.4403 	DEBUG 	TextBox2 loaded 1 chars with 0 blanks and 1 valid
11.4566 	DEBUG 	TextBox2 loaded 1 chars with 0 blanks and 1 valid
11.4725 	DEBUG 	TextBox2 loaded 1 chars with 0 blanks and 1 valid
11.4881 	DEBUG 	TextBox2 loaded 1 chars with 0 blanks and 1 valid
11.5037 	DEBUG 	TextBox2 loaded 1 chars with 0 blanks and 1 valid
11.5199 	DEBUG 	TextBox2 loaded 1 chars with 0 blanks and 1 valid
11.5365 	DEBUG 	TextBox2 loaded 1 chars with 0 blanks and 1 valid
11.5524 	DEBUG 	TextBox2 loaded 1 chars with 0 blanks and 1 valid
11.5700 	DEBUG 	TextBox2 loaded 1 chars with 0 blanks and 1 valid
11.5704 	DEBUG 	Uploading Texture Font fontname to graphics card
11.5709 	DEBUG 	Upload of Texture Font fontname complete
11.6844 	INFO 	keyboard.Keyboard is using ptb backend.
11.6845 	EXP 	midterm_project: status = STARTED
11.8638 	EXP 	Created open_text = TextStim(__class__=<class 'psychopy.visual.text.TextStim'>, alignHoriz=method-wrapper(...), alignText='center', alignVert=method-wrapper(...), anchorHoriz='center', anchorVert='center', antialias=True, autoDraw=False, autoLog=True, bold=False, color=array([1., 1., 1.]), colorSpace='rgb', contrast=1.0, depth=0.0, draggable=False, flipHoriz=False, flipVert=False, font='Arial', fontFiles=[], height=np.float64(0.05), italic=False, languageStyle='LTR', name='open_text', opacity=1, ori=0.0, pos=array([0., 0.]), rgb=UNKNOWN, text=str(...), units='height', win=Window(...), wrapWidth=1)
11.8925 	EXP 	Created prac_text = TextStim(__class__=<class 'psychopy.visual.text.TextStim'>, alignHoriz=method-wrapper(...), alignText='center', alignVert=method-wrapper(...), anchorHoriz='center', anchorVert='center', antialias=True, autoDraw=False, autoLog=True, bold=False, color=array([1., 1., 1.]), colorSpace='rgb', contrast=1.0, depth=0.0, draggable=False, flipHoriz=False, flipVert=False, font='Arial', fontFiles=[], height=np.float64(0.05), italic=False, languageStyle='LTR', name='prac_text', opacity=1, ori=0.0, pos=array([0., 0.]), rgb=UNKNOWN, text=str(...), units='height', win=Window(...), wrapWidth=1)
11.8959 	EXP 	Created fix_text = TextStim(__class__=<class 'psychopy.visual.text.TextStim'>, alignHoriz=method-wrapper(...), alignText='center', alignVert=method-wrapper(...), anchorHoriz='center', anchorVert='center', antialias=True, autoDraw=False, autoLog=True, bold=False, color=array([1., 1., 1.]), colorSpace='rgb', contrast=1.0, depth=0.0, draggable=False, flipHoriz=False, flipVert=False, font='Arial', fontFiles=[], height=np.float64(0.05), italic=False, languageStyle='LTR', name='fix_text', opacity=1, ori=0.0, pos=array([0., 0.]), rgb=UNKNOWN, text='+', units='height', win=Window(...), wrapWidth=1)
11.8968 	EXP 	Created fb_text = TextStim(__class__=<class 'psychopy.visual.text.TextStim'>, alignHoriz=method-wrapper(...), alignText='center', alignVert=method-wrapper(...), anchorHoriz='center', anchorVert='center', antialias=True, autoDraw=False, autoLog=True, bold=False, color=array([1., 1., 1.]), colorSpace='rgb', contrast=1.0, depth=-1.0, draggable=False, flipHoriz=False, flipVert=False, font='Arial', fontFiles=[], height=0.05, italic=False, languageStyle='LTR', name='fb_text', opacity=1, ori=0.0, pos=array([0., 0.]), rgb=UNKNOWN, text='', units='height', win=Window(...), wrapWidth=1)
11.9277 	EXP 	Created formal_text = TextStim(__class__=<class 'psychopy.visual.text.TextStim'>, alignHoriz=method-wrapper(...), alignText='center', alignVert=method-wrapper(...), anchorHoriz='center', anchorVert='center', antialias=True, autoDraw=False, autoLog=True, bold=False, color=array([1., 1., 1.]), colorSpace='rgb', contrast=1.0, depth=0.0, draggable=False, flipHoriz=False, flipVert=False, font='Arial', fontFiles=[], height=np.float64(0.05), italic=False, languageStyle='LTR', name='formal_text', opacity=1, ori=0.0, pos=array([0., 0.]), rgb=UNKNOWN, text=str(...), units='height', win=Window(...), wrapWidth=1)
11.9302 	EXP 	Created fix_text = TextStim(__class__=<class 'psychopy.visual.text.TextStim'>, alignHoriz=method-wrapper(...), alignText='center', alignVert=method-wrapper(...), anchorHoriz='center', anchorVert='center', antialias=True, autoDraw=False, autoLog=True, bold=False, color=array([1., 1., 1.]), colorSpace='rgb', contrast=1.0, depth=0.0, draggable=False, flipHoriz=False, flipVert=False, font='Arial', fontFiles=[], height=np.float64(0.05), italic=False, languageStyle='LTR', name='fix_text', opacity=1, ori=0.0, pos=array([0., 0.]), rgb=UNKNOWN, text='+', units='height', win=Window(...), wrapWidth=1)
11.9311 	EXP 	Created thanks_text = TextStim(__class__=<class 'psychopy.visual.text.TextStim'>, alignHoriz=method-wrapper(...), alignText='center', alignVert=method-wrapper(...), anchorHoriz='center', anchorVert='center', antialias=True, autoDraw=False, autoLog=True, bold=False, color=array([1., 1., 1.]), colorSpace='rgb', contrast=1.0, depth=-1.0, draggable=False, flipHoriz=False, flipVert=False, font='Arial', fontFiles=[], height=0.05, italic=False, languageStyle='LTR', name='thanks_text', opacity=1, ori=0.0, pos=array([0., 0.]), rgb=UNKNOWN, text='', units='height', win=Window(...), wrapWidth=1)
0.0236 	INFO 	Keyboard events cleared
0.0235 	EXP 	open_text: autoDraw = True
1.7175 	EXP 	Device response: <KeyPress from None: t=1.7082002999959514, value=space, duration=None>
1.7401 	INFO 	Keyboard events cleared
1.7400 	EXP 	open_text: autoDraw = False
1.7400 	EXP 	prac_text: autoDraw = True
1.7802 	DATA 	KeyPress:  
1.8291 	EXP 	Device response: <KeyPress from None: t=1.7082002999959514, value=space, duration=0.0995206999941729>
3.8098 	EXP 	Device response: <KeyPress from None: t=3.795087899954524, value=space, duration=None>
3.8193 	DEBUG 	Read excel file with openpyxl: practice_cond.xlsx
3.8199 	EXP 	Imported practice_cond.xlsx as conditions, 6 conditions, 4 params
3.8203 	EXP 	New trial (rep=0, index=0): <Trial 0 (0 in rep 0) data={'set_size': 12, 'target_present': 0, 'condition_type': 'feature', 'corr_resp': 'left', 'thisN': 0, 'thisTrialN': 0, 'thisRepN': 0}>
3.8394 	EXP 	prac_text: autoDraw = False
3.8394 	EXP 	fix_text: autoDraw = True
3.8603 	DATA 	KeyPress:  
3.9274 	EXP 	Device response: <KeyPress from None: t=3.795087899954524, value=space, duration=0.1254825000069104>
4.3688 	DEBUG 	Saving data for midterm_project ExperimentHandler
4.3706 	INFO 	saved data to C:\irene_python\week8_midterm_project\data\pilot_midterm_project_2026-04-15_11h23.35.333.psydat
4.3724 	INFO 	saved data to 'C:\\irene_python\\week8_midterm_project\\data\\pilot_midterm_project_2026-04-15_11h23.35.333.csv'
4.3940 	WARNING 	Stopping key buffers but this could be dangerous ifother keyboards rely on the same.
