6.8423 	DEBUG 	Fullscreen settings ignored as running in pilot mode.
6.8432 	INFO 	Loaded monitor calibration from ['2026_03_19 09:19']
7.1740 	INFO 	Using renderer 'Intel(R) UHD Graphics' for graphics
7.1740 	INFO 	OpenGL version supported by driver is 4..
7.9845 	EXP 	Created window1 = Window(allowGUI=False, allowStencil=False, autoLog=True, backendConf=UNKNOWN, backgroundFit=<method-wrapper '__getattribute__' of attributeSetter object at 0x0000025145540790>, backgroundImage=<method-wrapper '__getattribute__' of attributeSetter object at 0x0000025145540730>, bitsMode=UNKNOWN, blendMode='avg', bpc=(8, 8, 8), color=array([0, 0, 0]), colorSpace='rgb', depthBits=8, fullscr=False, gamma=None, gammaErrorPolicy='raise', infoMsg=UNKNOWN, lms=UNKNOWN, monitor=<psychopy.monitors.calibTools.Monitor object at 0x0000025143396E00>, multiSample=False, name='window1', numSamples=2, pos=[np.float64(560.0), np.float64(240.0)], screen=0, size=array([800, 600]), stencilBits=0, stereo=False, title='PsychoPy', units='height', useFBO=True, useRetina=False, viewOri=0.0, viewPos=None, viewScale=None, waitBlanking=True, winType='pyglet')
7.9845 	EXP 	window1: backgroundImage = ''
7.9845 	EXP 	window1: backgroundFit = 'none'
8.0176 	DEBUG 	TextBox2 loaded 1 chars with 0 blanks and 1 valid
8.0329 	DEBUG 	TextBox2 loaded 1 chars with 0 blanks and 1 valid
8.0489 	DEBUG 	TextBox2 loaded 1 chars with 0 blanks and 1 valid
8.0640 	DEBUG 	TextBox2 loaded 1 chars with 0 blanks and 1 valid
8.0786 	DEBUG 	TextBox2 loaded 1 chars with 0 blanks and 1 valid
8.0930 	DEBUG 	TextBox2 loaded 1 chars with 0 blanks and 1 valid
8.1079 	DEBUG 	TextBox2 loaded 1 chars with 0 blanks and 1 valid
8.1229 	DEBUG 	TextBox2 loaded 1 chars with 0 blanks and 1 valid
8.1385 	DEBUG 	TextBox2 loaded 1 chars with 0 blanks and 1 valid
8.1548 	DEBUG 	TextBox2 loaded 1 chars with 0 blanks and 1 valid
8.1716 	DEBUG 	TextBox2 loaded 1 chars with 0 blanks and 1 valid
8.1871 	DEBUG 	TextBox2 loaded 1 chars with 0 blanks and 1 valid
8.2018 	DEBUG 	TextBox2 loaded 1 chars with 0 blanks and 1 valid
8.2167 	DEBUG 	TextBox2 loaded 1 chars with 0 blanks and 1 valid
8.2317 	DEBUG 	TextBox2 loaded 1 chars with 0 blanks and 1 valid
8.2465 	DEBUG 	TextBox2 loaded 1 chars with 0 blanks and 1 valid
8.2615 	DEBUG 	TextBox2 loaded 1 chars with 0 blanks and 1 valid
8.2759 	DEBUG 	TextBox2 loaded 1 chars with 0 blanks and 1 valid
8.2901 	DEBUG 	TextBox2 loaded 1 chars with 0 blanks and 1 valid
8.3049 	DEBUG 	TextBox2 loaded 1 chars with 0 blanks and 1 valid
8.3196 	DEBUG 	TextBox2 loaded 1 chars with 0 blanks and 1 valid
8.3200 	DEBUG 	Uploading Texture Font fontname to graphics card
8.3280 	DEBUG 	Upload of Texture Font fontname complete
8.3595 	DEBUG 	TextBox2 loaded 1 chars with 0 blanks and 1 valid
8.3745 	DEBUG 	TextBox2 loaded 1 chars with 0 blanks and 1 valid
8.3892 	DEBUG 	TextBox2 loaded 1 chars with 0 blanks and 1 valid
8.3897 	DEBUG 	Uploading Texture Font fontname to graphics card
8.3969 	DEBUG 	Upload of Texture Font fontname complete
8.3992 	EXP 	window1: Attempting to measure frame rate of screen (0) ...
8.3992 	EXP 	window1: recordFrameIntervals = False
8.6151 	EXP 	window1: recordFrameIntervals = True
8.8974 	WARNING 	t of last frame was 32.04ms (=1/31)
8.9469 	WARNING 	t of last frame was 31.79ms (=1/31)
10.3152 	EXP 	window1: recordFrameIntervals = False
10.3152 	EXP 	Screen (0) actual frame rate measured at 59.94Hz
10.3537 	DEBUG 	TextBox2 loaded 1 chars with 0 blanks and 1 valid
10.3703 	DEBUG 	TextBox2 loaded 1 chars with 0 blanks and 1 valid
10.3872 	DEBUG 	TextBox2 loaded 1 chars with 0 blanks and 1 valid
10.4041 	DEBUG 	TextBox2 loaded 1 chars with 0 blanks and 1 valid
10.4208 	DEBUG 	TextBox2 loaded 1 chars with 0 blanks and 1 valid
10.4369 	DEBUG 	TextBox2 loaded 1 chars with 0 blanks and 1 valid
10.4515 	DEBUG 	TextBox2 loaded 1 chars with 0 blanks and 1 valid
10.4664 	DEBUG 	TextBox2 loaded 1 chars with 0 blanks and 1 valid
10.4816 	DEBUG 	TextBox2 loaded 1 chars with 0 blanks and 1 valid
10.4976 	DEBUG 	TextBox2 loaded 1 chars with 0 blanks and 1 valid
10.4981 	DEBUG 	Uploading Texture Font fontname to graphics card
10.4989 	DEBUG 	Upload of Texture Font fontname complete
10.6091 	INFO 	keyboard.Keyboard is using ptb backend.
10.6092 	EXP 	midterm_project: status = STARTED
10.7602 	EXP 	Created open_text = TextStim(__class__=<class 'psychopy.visual.text.TextStim'>, alignHoriz=method-wrapper(...), alignText='center', alignVert=method-wrapper(...), anchorHoriz='center', anchorVert='center', antialias=True, autoDraw=False, autoLog=True, bold=False, color=array([1., 1., 1.]), colorSpace='rgb', contrast=1.0, depth=0.0, draggable=False, flipHoriz=False, flipVert=False, font='Arial', fontFiles=[], height=np.float64(0.05), italic=False, languageStyle='LTR', name='open_text', opacity=1, ori=0.0, pos=array([0., 0.]), rgb=UNKNOWN, text=str(...), units='height', win=Window(...), wrapWidth=1)
10.7892 	EXP 	Created prac_text = TextStim(__class__=<class 'psychopy.visual.text.TextStim'>, alignHoriz=method-wrapper(...), alignText='center', alignVert=method-wrapper(...), anchorHoriz='center', anchorVert='center', antialias=True, autoDraw=False, autoLog=True, bold=False, color=array([1., 1., 1.]), colorSpace='rgb', contrast=1.0, depth=0.0, draggable=False, flipHoriz=False, flipVert=False, font='Arial', fontFiles=[], height=np.float64(0.05), italic=False, languageStyle='LTR', name='prac_text', opacity=1, ori=0.0, pos=array([0., 0.]), rgb=UNKNOWN, text=str(...), units='height', win=Window(...), wrapWidth=1)
10.7927 	EXP 	Created fix_text = TextStim(__class__=<class 'psychopy.visual.text.TextStim'>, alignHoriz=method-wrapper(...), alignText='center', alignVert=method-wrapper(...), anchorHoriz='center', anchorVert='center', antialias=True, autoDraw=False, autoLog=True, bold=False, color=array([1., 1., 1.]), colorSpace='rgb', contrast=1.0, depth=0.0, draggable=False, flipHoriz=False, flipVert=False, font='Arial', fontFiles=[], height=np.float64(0.05), italic=False, languageStyle='LTR', name='fix_text', opacity=1, ori=0.0, pos=array([0., 0.]), rgb=UNKNOWN, text='+', units='height', win=Window(...), wrapWidth=1)
10.7936 	EXP 	Created fb_text = TextStim(__class__=<class 'psychopy.visual.text.TextStim'>, alignHoriz=method-wrapper(...), alignText='center', alignVert=method-wrapper(...), anchorHoriz='center', anchorVert='center', antialias=True, autoDraw=False, autoLog=True, bold=False, color=array([1., 1., 1.]), colorSpace='rgb', contrast=1.0, depth=-1.0, draggable=False, flipHoriz=False, flipVert=False, font='Arial', fontFiles=[], height=0.05, italic=False, languageStyle='LTR', name='fb_text', opacity=1, ori=0.0, pos=array([0., 0.]), rgb=UNKNOWN, text='', units='height', win=Window(...), wrapWidth=1)
10.8232 	EXP 	Created formal_text = TextStim(__class__=<class 'psychopy.visual.text.TextStim'>, alignHoriz=method-wrapper(...), alignText='center', alignVert=method-wrapper(...), anchorHoriz='center', anchorVert='center', antialias=True, autoDraw=False, autoLog=True, bold=False, color=array([1., 1., 1.]), colorSpace='rgb', contrast=1.0, depth=0.0, draggable=False, flipHoriz=False, flipVert=False, font='Arial', fontFiles=[], height=np.float64(0.05), italic=False, languageStyle='LTR', name='formal_text', opacity=1, ori=0.0, pos=array([0., 0.]), rgb=UNKNOWN, text=str(...), units='height', win=Window(...), wrapWidth=1)
10.8254 	EXP 	Created fix_text = TextStim(__class__=<class 'psychopy.visual.text.TextStim'>, alignHoriz=method-wrapper(...), alignText='center', alignVert=method-wrapper(...), anchorHoriz='center', anchorVert='center', antialias=True, autoDraw=False, autoLog=True, bold=False, color=array([1., 1., 1.]), colorSpace='rgb', contrast=1.0, depth=0.0, draggable=False, flipHoriz=False, flipVert=False, font='Arial', fontFiles=[], height=np.float64(0.05), italic=False, languageStyle='LTR', name='fix_text', opacity=1, ori=0.0, pos=array([0., 0.]), rgb=UNKNOWN, text='+', units='height', win=Window(...), wrapWidth=1)
10.8264 	EXP 	Created thanks_text = TextStim(__class__=<class 'psychopy.visual.text.TextStim'>, alignHoriz=method-wrapper(...), alignText='center', alignVert=method-wrapper(...), anchorHoriz='center', anchorVert='center', antialias=True, autoDraw=False, autoLog=True, bold=False, color=array([1., 1., 1.]), colorSpace='rgb', contrast=1.0, depth=-1.0, draggable=False, flipHoriz=False, flipVert=False, font='Arial', fontFiles=[], height=0.05, italic=False, languageStyle='LTR', name='thanks_text', opacity=1, ori=0.0, pos=array([0., 0.]), rgb=UNKNOWN, text='', units='height', win=Window(...), wrapWidth=1)
0.0384 	INFO 	Keyboard events cleared
0.0383 	EXP 	open_text: autoDraw = True
11.4965 	EXP 	Device response: <KeyPress from None: t=11.484219200036023, value=escape, duration=None>
11.5081 	DATA 	Keypress: escape
11.6079 	EXP 	Device response: <KeyPress from None: t=11.484219200036023, value=escape, duration=0.11161169997649267>
11.6080 	EXP 	midterm_project: status = STOPPED
11.6209 	EXP 	open_text: autoDraw = False
11.6237 	EXP 	midterm_project: status = STOPPED
11.6261 	INFO 	saved data to 'C:\\irene_python\\week8_midterm_project\\data\\pilot_midterm_project_2026-04-15_11h18.41.295.csv'
11.6270 	INFO 	saved data to C:\irene_python\week8_midterm_project\data\pilot_midterm_project_2026-04-15_11h18.41.295.psydat
12.0425 	DEBUG 	Saving data for midterm_project ExperimentHandler
12.0511 	WARNING 	Stopping key buffers but this could be dangerous ifother keyboards rely on the same.
