14.6985 	DEBUG 	Fullscreen settings ignored as running in pilot mode.
14.6994 	INFO 	Loaded monitor calibration from ['2026_03_19 09:19']
15.2600 	INFO 	Using renderer 'Intel(R) UHD Graphics' for graphics
15.2600 	INFO 	OpenGL version supported by driver is 4..
16.2249 	EXP 	Created window1 = Window(allowGUI=False, allowStencil=False, autoLog=True, backendConf=UNKNOWN, backgroundFit=<method-wrapper '__getattribute__' of attributeSetter object at 0x000001B73DAECB20>, backgroundImage=<method-wrapper '__getattribute__' of attributeSetter object at 0x000001B73DAECAC0>, bitsMode=UNKNOWN, blendMode='avg', bpc=(8, 8, 8), color=array([0, 0, 0]), colorSpace='rgb', depthBits=8, fullscr=False, gamma=None, gammaErrorPolicy='raise', infoMsg=UNKNOWN, lms=UNKNOWN, monitor=<psychopy.monitors.calibTools.Monitor object at 0x000001B73BE960E0>, multiSample=False, name='window1', numSamples=2, pos=[np.float64(560.0), np.float64(240.0)], screen=0, size=array([800, 600]), stencilBits=0, stereo=False, title='PsychoPy', units='height', useFBO=True, useRetina=False, viewOri=0.0, viewPos=None, viewScale=None, waitBlanking=True, winType='pyglet')
16.2250 	EXP 	window1: backgroundImage = ''
16.2250 	EXP 	window1: backgroundFit = 'none'
16.3022 	DEBUG 	TextBox2 loaded 1 chars with 0 blanks and 1 valid
16.3191 	DEBUG 	TextBox2 loaded 1 chars with 0 blanks and 1 valid
16.3361 	DEBUG 	TextBox2 loaded 1 chars with 0 blanks and 1 valid
16.3527 	DEBUG 	TextBox2 loaded 1 chars with 0 blanks and 1 valid
16.3686 	DEBUG 	TextBox2 loaded 1 chars with 0 blanks and 1 valid
16.3828 	DEBUG 	TextBox2 loaded 1 chars with 0 blanks and 1 valid
16.3978 	DEBUG 	TextBox2 loaded 1 chars with 0 blanks and 1 valid
16.4133 	DEBUG 	TextBox2 loaded 1 chars with 0 blanks and 1 valid
16.4281 	DEBUG 	TextBox2 loaded 1 chars with 0 blanks and 1 valid
16.4428 	DEBUG 	TextBox2 loaded 1 chars with 0 blanks and 1 valid
16.4574 	DEBUG 	TextBox2 loaded 1 chars with 0 blanks and 1 valid
16.4726 	DEBUG 	TextBox2 loaded 1 chars with 0 blanks and 1 valid
16.4882 	DEBUG 	TextBox2 loaded 1 chars with 0 blanks and 1 valid
16.5028 	DEBUG 	TextBox2 loaded 1 chars with 0 blanks and 1 valid
16.5175 	DEBUG 	TextBox2 loaded 1 chars with 0 blanks and 1 valid
16.5323 	DEBUG 	TextBox2 loaded 1 chars with 0 blanks and 1 valid
16.5472 	DEBUG 	TextBox2 loaded 1 chars with 0 blanks and 1 valid
16.5612 	DEBUG 	TextBox2 loaded 1 chars with 0 blanks and 1 valid
16.5756 	DEBUG 	TextBox2 loaded 1 chars with 0 blanks and 1 valid
16.5923 	DEBUG 	TextBox2 loaded 1 chars with 0 blanks and 1 valid
16.6086 	DEBUG 	TextBox2 loaded 1 chars with 0 blanks and 1 valid
16.6158 	DEBUG 	Uploading Texture Font fontname to graphics card
16.6300 	DEBUG 	Upload of Texture Font fontname complete
16.6655 	DEBUG 	TextBox2 loaded 1 chars with 0 blanks and 1 valid
16.6819 	DEBUG 	TextBox2 loaded 1 chars with 0 blanks and 1 valid
16.6977 	DEBUG 	TextBox2 loaded 1 chars with 0 blanks and 1 valid
16.6981 	DEBUG 	Uploading Texture Font fontname to graphics card
16.7109 	DEBUG 	Upload of Texture Font fontname complete
16.7173 	EXP 	window1: Attempting to measure frame rate of screen (0) ...
16.7173 	EXP 	window1: recordFrameIntervals = False
16.9541 	EXP 	window1: recordFrameIntervals = True
17.0584 	WARNING 	t of last frame was 34.45ms (=1/29)
18.6389 	EXP 	window1: recordFrameIntervals = False
18.6389 	EXP 	Screen (0) actual frame rate measured at 59.55Hz
18.6889 	DEBUG 	TextBox2 loaded 1 chars with 0 blanks and 1 valid
18.7055 	DEBUG 	TextBox2 loaded 1 chars with 0 blanks and 1 valid
18.7227 	DEBUG 	TextBox2 loaded 1 chars with 0 blanks and 1 valid
18.7387 	DEBUG 	TextBox2 loaded 1 chars with 0 blanks and 1 valid
18.7546 	DEBUG 	TextBox2 loaded 1 chars with 0 blanks and 1 valid
18.7705 	DEBUG 	TextBox2 loaded 1 chars with 0 blanks and 1 valid
18.7852 	DEBUG 	TextBox2 loaded 1 chars with 0 blanks and 1 valid
18.8014 	DEBUG 	TextBox2 loaded 1 chars with 0 blanks and 1 valid
18.8162 	DEBUG 	TextBox2 loaded 1 chars with 0 blanks and 1 valid
18.8312 	DEBUG 	TextBox2 loaded 1 chars with 0 blanks and 1 valid
18.8316 	DEBUG 	Uploading Texture Font fontname to graphics card
18.8324 	DEBUG 	Upload of Texture Font fontname complete
19.0236 	INFO 	keyboard.Keyboard is using ptb backend.
19.0237 	EXP 	midterm_project: status = STARTED
19.8043 	EXP 	Created open_text = TextStim(__class__=<class 'psychopy.visual.text.TextStim'>, alignHoriz=method-wrapper(...), alignText='center', alignVert=method-wrapper(...), anchorHoriz='center', anchorVert='center', antialias=True, autoDraw=False, autoLog=True, bold=False, color=array([1., 1., 1.]), colorSpace='rgb', contrast=1.0, depth=0.0, draggable=False, flipHoriz=False, flipVert=False, font='Arial', fontFiles=[], height=np.float64(0.05), italic=False, languageStyle='LTR', name='open_text', opacity=1, ori=0.0, pos=array([0., 0.]), rgb=UNKNOWN, text=str(...), units='height', win=Window(...), wrapWidth=1)
19.8811 	EXP 	Created prac_text = TextStim(__class__=<class 'psychopy.visual.text.TextStim'>, alignHoriz=method-wrapper(...), alignText='center', alignVert=method-wrapper(...), anchorHoriz='center', anchorVert='center', antialias=True, autoDraw=False, autoLog=True, bold=False, color=array([1., 1., 1.]), colorSpace='rgb', contrast=1.0, depth=0.0, draggable=False, flipHoriz=False, flipVert=False, font='Arial', fontFiles=[], height=np.float64(0.05), italic=False, languageStyle='LTR', name='prac_text', opacity=1, ori=0.0, pos=array([0., 0.]), rgb=UNKNOWN, text=str(...), units='height', win=Window(...), wrapWidth=1)
19.8859 	EXP 	Created fix_text = TextStim(__class__=<class 'psychopy.visual.text.TextStim'>, alignHoriz=method-wrapper(...), alignText='center', alignVert=method-wrapper(...), anchorHoriz='center', anchorVert='center', antialias=True, autoDraw=False, autoLog=True, bold=False, color=array([1., 1., 1.]), colorSpace='rgb', contrast=1.0, depth=0.0, draggable=False, flipHoriz=False, flipVert=False, font='Arial', fontFiles=[], height=np.float64(0.05), italic=False, languageStyle='LTR', name='fix_text', opacity=1, ori=0.0, pos=array([0., 0.]), rgb=UNKNOWN, text='+', units='height', win=Window(...), wrapWidth=1)
19.8868 	EXP 	Created fb_text = TextStim(__class__=<class 'psychopy.visual.text.TextStim'>, alignHoriz=method-wrapper(...), alignText='center', alignVert=method-wrapper(...), anchorHoriz='center', anchorVert='center', antialias=True, autoDraw=False, autoLog=True, bold=False, color=array([1., 1., 1.]), colorSpace='rgb', contrast=1.0, depth=-1.0, draggable=False, flipHoriz=False, flipVert=False, font='Arial', fontFiles=[], height=0.05, italic=False, languageStyle='LTR', name='fb_text', opacity=1, ori=0.0, pos=array([0., 0.]), rgb=UNKNOWN, text='', units='height', win=Window(...), wrapWidth=1)
19.9623 	EXP 	Created formal_text = TextStim(__class__=<class 'psychopy.visual.text.TextStim'>, alignHoriz=method-wrapper(...), alignText='center', alignVert=method-wrapper(...), anchorHoriz='center', anchorVert='center', antialias=True, autoDraw=False, autoLog=True, bold=False, color=array([1., 1., 1.]), colorSpace='rgb', contrast=1.0, depth=0.0, draggable=False, flipHoriz=False, flipVert=False, font='Arial', fontFiles=[], height=np.float64(0.05), italic=False, languageStyle='LTR', name='formal_text', opacity=1, ori=0.0, pos=array([0., 0.]), rgb=UNKNOWN, text=str(...), units='height', win=Window(...), wrapWidth=1)
19.9647 	EXP 	Created fix_text = TextStim(__class__=<class 'psychopy.visual.text.TextStim'>, alignHoriz=method-wrapper(...), alignText='center', alignVert=method-wrapper(...), anchorHoriz='center', anchorVert='center', antialias=True, autoDraw=False, autoLog=True, bold=False, color=array([1., 1., 1.]), colorSpace='rgb', contrast=1.0, depth=0.0, draggable=False, flipHoriz=False, flipVert=False, font='Arial', fontFiles=[], height=np.float64(0.05), italic=False, languageStyle='LTR', name='fix_text', opacity=1, ori=0.0, pos=array([0., 0.]), rgb=UNKNOWN, text='+', units='height', win=Window(...), wrapWidth=1)
19.9656 	EXP 	Created thanks_text = TextStim(__class__=<class 'psychopy.visual.text.TextStim'>, alignHoriz=method-wrapper(...), alignText='center', alignVert=method-wrapper(...), anchorHoriz='center', anchorVert='center', antialias=True, autoDraw=False, autoLog=True, bold=False, color=array([1., 1., 1.]), colorSpace='rgb', contrast=1.0, depth=-1.0, draggable=False, flipHoriz=False, flipVert=False, font='Arial', fontFiles=[], height=0.05, italic=False, languageStyle='LTR', name='thanks_text', opacity=1, ori=0.0, pos=array([0., 0.]), rgb=UNKNOWN, text='', units='height', win=Window(...), wrapWidth=1)
0.0373 	INFO 	Keyboard events cleared
0.0372 	EXP 	open_text: autoDraw = True
5.2138 	EXP 	Device response: <KeyPress from None: t=5.096061100019142, value=escape, duration=None>
5.2139 	EXP 	Device response: <KeyPress from None: t=5.096061100019142, value=escape, duration=0.061125799955334514>
5.2139 	EXP 	midterm_project: status = STOPPED
5.2204 	EXP 	open_text: autoDraw = False
5.2234 	EXP 	midterm_project: status = STOPPED
5.2259 	INFO 	saved data to 'C:\\irene_python\\week8_midterm_project\\data\\pilot_midterm_project_2026-04-15_11h17.45.384.csv'
5.2270 	INFO 	saved data to C:\irene_python\week8_midterm_project\data\pilot_midterm_project_2026-04-15_11h17.45.384.psydat
5.7727 	DEBUG 	Saving data for midterm_project ExperimentHandler
5.7859 	WARNING 	Stopping key buffers but this could be dangerous ifother keyboards rely on the same.
