9.6750 	DEBUG 	Fullscreen settings ignored as running in pilot mode.
9.6761 	INFO 	Loaded monitor calibration from ['2026_03_19 09:19']
10.0780 	INFO 	Using renderer 'Intel(R) UHD Graphics' for graphics
10.0780 	INFO 	OpenGL version supported by driver is 4..
10.9031 	EXP 	Created window1 = Window(allowGUI=False, allowStencil=False, autoLog=True, backendConf=UNKNOWN, backgroundFit=<method-wrapper '__getattribute__' of attributeSetter object at 0x000001859DBA03A0>, backgroundImage=<method-wrapper '__getattribute__' of attributeSetter object at 0x000001859DBA0460>, bitsMode=UNKNOWN, blendMode='avg', bpc=(8, 8, 8), color=array([0, 0, 0]), colorSpace='rgb', depthBits=8, fullscr=False, gamma=None, gammaErrorPolicy='raise', infoMsg=UNKNOWN, lms=UNKNOWN, monitor=<psychopy.monitors.calibTools.Monitor object at 0x000001859EEE1F60>, multiSample=False, name='window1', numSamples=2, pos=[np.float64(560.0), np.float64(240.0)], screen=0, size=array([800, 600]), stencilBits=0, stereo=False, title='PsychoPy', units='height', useFBO=True, useRetina=False, viewOri=0.0, viewPos=None, viewScale=None, waitBlanking=True, winType='pyglet')
10.9032 	EXP 	window1: backgroundImage = ''
10.9032 	EXP 	window1: backgroundFit = 'none'
10.9682 	DEBUG 	TextBox2 loaded 1 chars with 0 blanks and 1 valid
10.9857 	DEBUG 	TextBox2 loaded 1 chars with 0 blanks and 1 valid
11.0023 	DEBUG 	TextBox2 loaded 1 chars with 0 blanks and 1 valid
11.0190 	DEBUG 	TextBox2 loaded 1 chars with 0 blanks and 1 valid
11.0358 	DEBUG 	TextBox2 loaded 1 chars with 0 blanks and 1 valid
11.0512 	DEBUG 	TextBox2 loaded 1 chars with 0 blanks and 1 valid
11.0661 	DEBUG 	TextBox2 loaded 1 chars with 0 blanks and 1 valid
11.0811 	DEBUG 	TextBox2 loaded 1 chars with 0 blanks and 1 valid
11.0956 	DEBUG 	TextBox2 loaded 1 chars with 0 blanks and 1 valid
11.1103 	DEBUG 	TextBox2 loaded 1 chars with 0 blanks and 1 valid
11.1263 	DEBUG 	TextBox2 loaded 1 chars with 0 blanks and 1 valid
11.1424 	DEBUG 	TextBox2 loaded 1 chars with 0 blanks and 1 valid
11.1584 	DEBUG 	TextBox2 loaded 1 chars with 0 blanks and 1 valid
11.1738 	DEBUG 	TextBox2 loaded 1 chars with 0 blanks and 1 valid
11.1889 	DEBUG 	TextBox2 loaded 1 chars with 0 blanks and 1 valid
11.2064 	DEBUG 	TextBox2 loaded 1 chars with 0 blanks and 1 valid
11.2225 	DEBUG 	TextBox2 loaded 1 chars with 0 blanks and 1 valid
11.2392 	DEBUG 	TextBox2 loaded 1 chars with 0 blanks and 1 valid
11.2590 	DEBUG 	TextBox2 loaded 1 chars with 0 blanks and 1 valid
11.2791 	DEBUG 	TextBox2 loaded 1 chars with 0 blanks and 1 valid
11.2990 	DEBUG 	TextBox2 loaded 1 chars with 0 blanks and 1 valid
11.3008 	DEBUG 	Uploading Texture Font fontname to graphics card
11.3109 	DEBUG 	Upload of Texture Font fontname complete
11.3519 	DEBUG 	TextBox2 loaded 1 chars with 0 blanks and 1 valid
11.3730 	DEBUG 	TextBox2 loaded 1 chars with 0 blanks and 1 valid
11.3899 	DEBUG 	TextBox2 loaded 1 chars with 0 blanks and 1 valid
11.3904 	DEBUG 	Uploading Texture Font fontname to graphics card
11.3955 	DEBUG 	Upload of Texture Font fontname complete
11.3981 	EXP 	window1: Attempting to measure frame rate of screen (0) ...
11.3982 	EXP 	window1: recordFrameIntervals = False
11.6857 	EXP 	window1: recordFrameIntervals = True
13.3517 	EXP 	window1: recordFrameIntervals = False
13.3518 	EXP 	Screen (0) actual frame rate measured at 59.96Hz
13.3893 	DEBUG 	TextBox2 loaded 1 chars with 0 blanks and 1 valid
13.4056 	DEBUG 	TextBox2 loaded 1 chars with 0 blanks and 1 valid
13.4218 	DEBUG 	TextBox2 loaded 1 chars with 0 blanks and 1 valid
13.4380 	DEBUG 	TextBox2 loaded 1 chars with 0 blanks and 1 valid
13.4532 	DEBUG 	TextBox2 loaded 1 chars with 0 blanks and 1 valid
13.4697 	DEBUG 	TextBox2 loaded 1 chars with 0 blanks and 1 valid
13.4846 	DEBUG 	TextBox2 loaded 1 chars with 0 blanks and 1 valid
13.4998 	DEBUG 	TextBox2 loaded 1 chars with 0 blanks and 1 valid
13.5149 	DEBUG 	TextBox2 loaded 1 chars with 0 blanks and 1 valid
13.5300 	DEBUG 	TextBox2 loaded 1 chars with 0 blanks and 1 valid
13.5304 	DEBUG 	Uploading Texture Font fontname to graphics card
13.5342 	DEBUG 	Upload of Texture Font fontname complete
13.6731 	INFO 	keyboard.Keyboard is using ptb backend.
13.6732 	EXP 	midterm_project: status = STARTED
13.8649 	EXP 	Created open_text = TextStim(__class__=<class 'psychopy.visual.text.TextStim'>, alignHoriz=method-wrapper(...), alignText='center', alignVert=method-wrapper(...), anchorHoriz='center', anchorVert='center', antialias=True, autoDraw=False, autoLog=True, bold=False, color=array([1., 1., 1.]), colorSpace='rgb', contrast=1.0, depth=0.0, draggable=False, flipHoriz=False, flipVert=False, font='Arial', fontFiles=[], height=np.float64(0.05), italic=False, languageStyle='LTR', name='open_text', opacity=1, ori=0.0, pos=array([0., 0.]), rgb=UNKNOWN, text=str(...), units='height', win=Window(...), wrapWidth=1)
13.8942 	EXP 	Created prac_text = TextStim(__class__=<class 'psychopy.visual.text.TextStim'>, alignHoriz=method-wrapper(...), alignText='center', alignVert=method-wrapper(...), anchorHoriz='center', anchorVert='center', antialias=True, autoDraw=False, autoLog=True, bold=False, color=array([1., 1., 1.]), colorSpace='rgb', contrast=1.0, depth=0.0, draggable=False, flipHoriz=False, flipVert=False, font='Arial', fontFiles=[], height=np.float64(0.05), italic=False, languageStyle='LTR', name='prac_text', opacity=1, ori=0.0, pos=array([0., 0.]), rgb=UNKNOWN, text=str(...), units='height', win=Window(...), wrapWidth=1)
13.8974 	EXP 	Created fix_text = TextStim(__class__=<class 'psychopy.visual.text.TextStim'>, alignHoriz=method-wrapper(...), alignText='center', alignVert=method-wrapper(...), anchorHoriz='center', anchorVert='center', antialias=True, autoDraw=False, autoLog=True, bold=False, color=array([1., 1., 1.]), colorSpace='rgb', contrast=1.0, depth=0.0, draggable=False, flipHoriz=False, flipVert=False, font='Arial', fontFiles=[], height=np.float64(0.05), italic=False, languageStyle='LTR', name='fix_text', opacity=1, ori=0.0, pos=array([0., 0.]), rgb=UNKNOWN, text='+', units='height', win=Window(...), wrapWidth=1)
13.8986 	EXP 	Created fb_text = TextStim(__class__=<class 'psychopy.visual.text.TextStim'>, alignHoriz=method-wrapper(...), alignText='center', alignVert=method-wrapper(...), anchorHoriz='center', anchorVert='center', antialias=True, autoDraw=False, autoLog=True, bold=False, color=array([1., 1., 1.]), colorSpace='rgb', contrast=1.0, depth=-1.0, draggable=False, flipHoriz=False, flipVert=False, font='Arial', fontFiles=[], height=0.05, italic=False, languageStyle='LTR', name='fb_text', opacity=1, ori=0.0, pos=array([0., 0.]), rgb=UNKNOWN, text='', units='height', win=Window(...), wrapWidth=1)
13.8999 	EXP 	Created ITI_text = TextStim(__class__=<class 'psychopy.visual.text.TextStim'>, alignHoriz=method-wrapper(...), alignText='center', alignVert=method-wrapper(...), anchorHoriz='center', anchorVert='center', antialias=True, autoDraw=False, autoLog=True, bold=False, color=array([1., 1., 1.]), colorSpace='rgb', contrast=1.0, depth=0.0, draggable=False, flipHoriz=False, flipVert=False, font='Arial', fontFiles=[], height=np.float64(0.05), italic=False, languageStyle='LTR', name='ITI_text', opacity=1, ori=0.0, pos=array([0., 0.]), rgb=UNKNOWN, text='', units='height', win=Window(...), wrapWidth=1)
13.9007 	EXP 	Created prac_fb_text = TextStim(__class__=<class 'psychopy.visual.text.TextStim'>, alignHoriz=method-wrapper(...), alignText='center', alignVert=method-wrapper(...), anchorHoriz='center', anchorVert='center', antialias=True, autoDraw=False, autoLog=True, bold=False, color=array([1., 1., 1.]), colorSpace='rgb', contrast=1.0, depth=-1.0, draggable=False, flipHoriz=False, flipVert=False, font='Arial', fontFiles=[], height=0.05, italic=False, languageStyle='LTR', name='prac_fb_text', opacity=1, ori=0.0, pos=array([0., 0.]), rgb=UNKNOWN, text='', units='height', win=Window(...), wrapWidth=1)
13.9287 	EXP 	Created formal_text = TextStim(__class__=<class 'psychopy.visual.text.TextStim'>, alignHoriz=method-wrapper(...), alignText='center', alignVert=method-wrapper(...), anchorHoriz='center', anchorVert='center', antialias=True, autoDraw=False, autoLog=True, bold=False, color=array([1., 1., 1.]), colorSpace='rgb', contrast=1.0, depth=-1.0, draggable=False, flipHoriz=False, flipVert=False, font='Arial', fontFiles=[], height=np.float64(0.05), italic=False, languageStyle='LTR', name='formal_text', opacity=1, ori=0.0, pos=array([0., 0.]), rgb=UNKNOWN, text=str(...), units='height', win=Window(...), wrapWidth=1)
13.9312 	EXP 	Created fix_text = TextStim(__class__=<class 'psychopy.visual.text.TextStim'>, alignHoriz=method-wrapper(...), alignText='center', alignVert=method-wrapper(...), anchorHoriz='center', anchorVert='center', antialias=True, autoDraw=False, autoLog=True, bold=False, color=array([1., 1., 1.]), colorSpace='rgb', contrast=1.0, depth=0.0, draggable=False, flipHoriz=False, flipVert=False, font='Arial', fontFiles=[], height=np.float64(0.05), italic=False, languageStyle='LTR', name='fix_text', opacity=1, ori=0.0, pos=array([0., 0.]), rgb=UNKNOWN, text='+', units='height', win=Window(...), wrapWidth=1)
13.9327 	EXP 	Created ITI_text = TextStim(__class__=<class 'psychopy.visual.text.TextStim'>, alignHoriz=method-wrapper(...), alignText='center', alignVert=method-wrapper(...), anchorHoriz='center', anchorVert='center', antialias=True, autoDraw=False, autoLog=True, bold=False, color=array([1., 1., 1.]), colorSpace='rgb', contrast=1.0, depth=0.0, draggable=False, flipHoriz=False, flipVert=False, font='Arial', fontFiles=[], height=np.float64(0.05), italic=False, languageStyle='LTR', name='ITI_text', opacity=1, ori=0.0, pos=array([0., 0.]), rgb=UNKNOWN, text='', units='height', win=Window(...), wrapWidth=1)
13.9406 	EXP 	Created rest_text = TextStim(__class__=<class 'psychopy.visual.text.TextStim'>, alignHoriz=method-wrapper(...), alignText='center', alignVert=method-wrapper(...), anchorHoriz='center', anchorVert='center', antialias=True, autoDraw=False, autoLog=True, bold=False, color=array([1., 1., 1.]), colorSpace='rgb', contrast=1.0, depth=-1.0, draggable=False, flipHoriz=False, flipVert=False, font='Arial', fontFiles=[], height=np.float64(0.05), italic=False, languageStyle='LTR', name='rest_text', opacity=1, ori=0.0, pos=array([0., 0.]), rgb=UNKNOWN, text='休息時間。\n準備好後請按【空白鍵】繼續實驗。', units='height', win=Window(...), wrapWidth=1)
13.9417 	EXP 	Created thanks_text = TextStim(__class__=<class 'psychopy.visual.text.TextStim'>, alignHoriz=method-wrapper(...), alignText='center', alignVert=method-wrapper(...), anchorHoriz='center', anchorVert='center', antialias=True, autoDraw=False, autoLog=True, bold=False, color=array([1., 1., 1.]), colorSpace='rgb', contrast=1.0, depth=-1.0, draggable=False, flipHoriz=False, flipVert=False, font='Arial', fontFiles=[], height=0.05, italic=False, languageStyle='LTR', name='thanks_text', opacity=1, ori=0.0, pos=array([0., 0.]), rgb=UNKNOWN, text='', units='height', win=Window(...), wrapWidth=1)
0.0266 	INFO 	Keyboard events cleared
0.0265 	EXP 	open_text: autoDraw = True
1.3825 	EXP 	Device response: <KeyPress from None: t=1.3531345999799669, value=space, duration=None>
1.3926 	INFO 	Keyboard events cleared
1.3925 	EXP 	open_text: autoDraw = False
1.3925 	EXP 	prac_text: autoDraw = True
1.4454 	DATA 	KeyPress:  
1.4629 	EXP 	Device response: <KeyPress from None: t=1.3531345999799669, value=space, duration=0.07771730003878474>
2.0139 	EXP 	Device response: <KeyPress from None: t=2.0044369000243023, value=space, duration=None>
2.0238 	EXP 	New trial (rep=0, index=0): <Trial 0 (0 in rep 0) data={'thisN': 0, 'thisTrialN': 0, 'thisRepN': 0}>
2.0348 	DEBUG 	Read excel file with openpyxl: practice_cond.xlsx
2.0353 	EXP 	Imported practice_cond.xlsx as conditions, 6 conditions, 4 params
2.0359 	EXP 	New trial (rep=0, index=0): <Trial 0 (0 in rep 0) data={'set_size': 4, 'target_present': 1, 'condition_type': 'feature', 'corr_resp': 'right', 'thisN': 0, 'thisTrialN': 0, 'thisRepN': 0}>
2.0423 	EXP 	prac_text: autoDraw = False
2.0423 	EXP 	fix_text: autoDraw = True
2.0718 	DATA 	KeyPress:  
2.1299 	EXP 	Device response: <KeyPress from None: t=2.0044369000243023, value=space, duration=0.1243786999839358>
2.5836 	DEBUG 	Saving data for midterm_project ExperimentHandler
2.5865 	INFO 	saved data to C:\irene_python\week8_midterm_project\data\pilot_midterm_project_2026-04-19_21h32.52.312.psydat
2.5880 	INFO 	saved data to 'C:\\irene_python\\week8_midterm_project\\data\\pilot_midterm_project_2026-04-19_21h32.52.312.csv'
2.6165 	WARNING 	Stopping key buffers but this could be dangerous ifother keyboards rely on the same.
