12.7113 	DEBUG 	Fullscreen settings ignored as running in pilot mode.
12.7123 	INFO 	Loaded monitor calibration from ['2026_03_19 09:19']
13.3037 	INFO 	Using renderer 'Intel(R) UHD Graphics' for graphics
13.3037 	INFO 	OpenGL version supported by driver is 4..
14.0929 	EXP 	Created window1 = Window(allowGUI=False, allowStencil=False, autoLog=True, backendConf=UNKNOWN, backgroundFit=<method-wrapper '__getattribute__' of attributeSetter object at 0x00000190A36A35E0>, backgroundImage=<method-wrapper '__getattribute__' of attributeSetter object at 0x00000190A36A3580>, bitsMode=UNKNOWN, blendMode='avg', bpc=(8, 8, 8), color=array([0, 0, 0]), colorSpace='rgb', depthBits=8, fullscr=False, gamma=None, gammaErrorPolicy='raise', infoMsg=UNKNOWN, lms=UNKNOWN, monitor=<psychopy.monitors.calibTools.Monitor object at 0x0000019099525450>, multiSample=False, name='window1', numSamples=2, pos=[np.float64(560.0), np.float64(240.0)], screen=0, size=array([800, 600]), stencilBits=0, stereo=False, title='PsychoPy', units='height', useFBO=True, useRetina=False, viewOri=0.0, viewPos=None, viewScale=None, waitBlanking=True, winType='pyglet')
14.0930 	EXP 	window1: backgroundImage = ''
14.0930 	EXP 	window1: backgroundFit = 'none'
14.1629 	DEBUG 	TextBox2 loaded 1 chars with 0 blanks and 1 valid
14.1796 	DEBUG 	TextBox2 loaded 1 chars with 0 blanks and 1 valid
14.1949 	DEBUG 	TextBox2 loaded 1 chars with 0 blanks and 1 valid
14.2113 	DEBUG 	TextBox2 loaded 1 chars with 0 blanks and 1 valid
14.2279 	DEBUG 	TextBox2 loaded 1 chars with 0 blanks and 1 valid
14.2441 	DEBUG 	TextBox2 loaded 1 chars with 0 blanks and 1 valid
14.2609 	DEBUG 	TextBox2 loaded 1 chars with 0 blanks and 1 valid
14.2775 	DEBUG 	TextBox2 loaded 1 chars with 0 blanks and 1 valid
14.2932 	DEBUG 	TextBox2 loaded 1 chars with 0 blanks and 1 valid
14.3081 	DEBUG 	TextBox2 loaded 1 chars with 0 blanks and 1 valid
14.3241 	DEBUG 	TextBox2 loaded 1 chars with 0 blanks and 1 valid
14.3409 	DEBUG 	TextBox2 loaded 1 chars with 0 blanks and 1 valid
14.3571 	DEBUG 	TextBox2 loaded 1 chars with 0 blanks and 1 valid
14.3724 	DEBUG 	TextBox2 loaded 1 chars with 0 blanks and 1 valid
14.3867 	DEBUG 	TextBox2 loaded 1 chars with 0 blanks and 1 valid
14.4017 	DEBUG 	TextBox2 loaded 1 chars with 0 blanks and 1 valid
14.4181 	DEBUG 	TextBox2 loaded 1 chars with 0 blanks and 1 valid
14.4326 	DEBUG 	TextBox2 loaded 1 chars with 0 blanks and 1 valid
14.4466 	DEBUG 	TextBox2 loaded 1 chars with 0 blanks and 1 valid
14.4609 	DEBUG 	TextBox2 loaded 1 chars with 0 blanks and 1 valid
14.4748 	DEBUG 	TextBox2 loaded 1 chars with 0 blanks and 1 valid
14.4760 	DEBUG 	Uploading Texture Font fontname to graphics card
14.4820 	DEBUG 	Upload of Texture Font fontname complete
14.5128 	DEBUG 	TextBox2 loaded 1 chars with 0 blanks and 1 valid
14.5291 	DEBUG 	TextBox2 loaded 1 chars with 0 blanks and 1 valid
14.5454 	DEBUG 	TextBox2 loaded 1 chars with 0 blanks and 1 valid
14.5458 	DEBUG 	Uploading Texture Font fontname to graphics card
14.5494 	DEBUG 	Upload of Texture Font fontname complete
14.5514 	EXP 	window1: Attempting to measure frame rate of screen (0) ...
14.5514 	EXP 	window1: recordFrameIntervals = False
14.7947 	EXP 	window1: recordFrameIntervals = True
16.4605 	EXP 	window1: recordFrameIntervals = False
16.4605 	EXP 	Screen (0) actual frame rate measured at 60.07Hz
16.4981 	DEBUG 	TextBox2 loaded 1 chars with 0 blanks and 1 valid
16.5147 	DEBUG 	TextBox2 loaded 1 chars with 0 blanks and 1 valid
16.5309 	DEBUG 	TextBox2 loaded 1 chars with 0 blanks and 1 valid
16.5468 	DEBUG 	TextBox2 loaded 1 chars with 0 blanks and 1 valid
16.5627 	DEBUG 	TextBox2 loaded 1 chars with 0 blanks and 1 valid
16.5775 	DEBUG 	TextBox2 loaded 1 chars with 0 blanks and 1 valid
16.5916 	DEBUG 	TextBox2 loaded 1 chars with 0 blanks and 1 valid
16.6061 	DEBUG 	TextBox2 loaded 1 chars with 0 blanks and 1 valid
16.6206 	DEBUG 	TextBox2 loaded 1 chars with 0 blanks and 1 valid
16.6353 	DEBUG 	TextBox2 loaded 1 chars with 0 blanks and 1 valid
16.6358 	DEBUG 	Uploading Texture Font fontname to graphics card
16.6410 	DEBUG 	Upload of Texture Font fontname complete
16.8371 	INFO 	keyboard.Keyboard is using ptb backend.
16.8372 	EXP 	midterm_project: status = STARTED
17.7449 	EXP 	Created open_text = TextStim(__class__=<class 'psychopy.visual.text.TextStim'>, alignHoriz=method-wrapper(...), alignText='center', alignVert=method-wrapper(...), anchorHoriz='center', anchorVert='center', antialias=True, autoDraw=False, autoLog=True, bold=False, color=array([1., 1., 1.]), colorSpace='rgb', contrast=1.0, depth=0.0, draggable=False, flipHoriz=False, flipVert=False, font='Arial', fontFiles=[], height=np.float64(0.05), italic=False, languageStyle='LTR', name='open_text', opacity=1, ori=0.0, pos=array([0., 0.]), rgb=UNKNOWN, text=str(...), units='height', win=Window(...), wrapWidth=1)
17.8264 	EXP 	Created prac_text = TextStim(__class__=<class 'psychopy.visual.text.TextStim'>, alignHoriz=method-wrapper(...), alignText='center', alignVert=method-wrapper(...), anchorHoriz='center', anchorVert='center', antialias=True, autoDraw=False, autoLog=True, bold=False, color=array([1., 1., 1.]), colorSpace='rgb', contrast=1.0, depth=0.0, draggable=False, flipHoriz=False, flipVert=False, font='Arial', fontFiles=[], height=np.float64(0.05), italic=False, languageStyle='LTR', name='prac_text', opacity=1, ori=0.0, pos=array([0., 0.]), rgb=UNKNOWN, text=str(...), units='height', win=Window(...), wrapWidth=1)
17.8311 	EXP 	Created fix_text = TextStim(__class__=<class 'psychopy.visual.text.TextStim'>, alignHoriz=method-wrapper(...), alignText='center', alignVert=method-wrapper(...), anchorHoriz='center', anchorVert='center', antialias=True, autoDraw=False, autoLog=True, bold=False, color=array([1., 1., 1.]), colorSpace='rgb', contrast=1.0, depth=0.0, draggable=False, flipHoriz=False, flipVert=False, font='Arial', fontFiles=[], height=np.float64(0.05), italic=False, languageStyle='LTR', name='fix_text', opacity=1, ori=0.0, pos=array([0., 0.]), rgb=UNKNOWN, text='+', units='height', win=Window(...), wrapWidth=1)
17.8321 	EXP 	Created fb_text = TextStim(__class__=<class 'psychopy.visual.text.TextStim'>, alignHoriz=method-wrapper(...), alignText='center', alignVert=method-wrapper(...), anchorHoriz='center', anchorVert='center', antialias=True, autoDraw=False, autoLog=True, bold=False, color=array([1., 1., 1.]), colorSpace='rgb', contrast=1.0, depth=-1.0, draggable=False, flipHoriz=False, flipVert=False, font='Arial', fontFiles=[], height=0.05, italic=False, languageStyle='LTR', name='fb_text', opacity=1, ori=0.0, pos=array([0., 0.]), rgb=UNKNOWN, text='', units='height', win=Window(...), wrapWidth=1)
17.8333 	EXP 	Created ITI_text = TextStim(__class__=<class 'psychopy.visual.text.TextStim'>, alignHoriz=method-wrapper(...), alignText='center', alignVert=method-wrapper(...), anchorHoriz='center', anchorVert='center', antialias=True, autoDraw=False, autoLog=True, bold=False, color=array([1., 1., 1.]), colorSpace='rgb', contrast=1.0, depth=0.0, draggable=False, flipHoriz=False, flipVert=False, font='Arial', fontFiles=[], height=np.float64(0.05), italic=False, languageStyle='LTR', name='ITI_text', opacity=1, ori=0.0, pos=array([0., 0.]), rgb=UNKNOWN, text='', units='height', win=Window(...), wrapWidth=1)
17.8342 	EXP 	Created prac_fb_text = TextStim(__class__=<class 'psychopy.visual.text.TextStim'>, alignHoriz=method-wrapper(...), alignText='center', alignVert=method-wrapper(...), anchorHoriz='center', anchorVert='center', antialias=True, autoDraw=False, autoLog=True, bold=False, color=array([1., 1., 1.]), colorSpace='rgb', contrast=1.0, depth=-1.0, draggable=False, flipHoriz=False, flipVert=False, font='Arial', fontFiles=[], height=0.05, italic=False, languageStyle='LTR', name='prac_fb_text', opacity=1, ori=0.0, pos=array([0., 0.]), rgb=UNKNOWN, text='', units='height', win=Window(...), wrapWidth=1)
17.9074 	EXP 	Created formal_text = TextStim(__class__=<class 'psychopy.visual.text.TextStim'>, alignHoriz=method-wrapper(...), alignText='center', alignVert=method-wrapper(...), anchorHoriz='center', anchorVert='center', antialias=True, autoDraw=False, autoLog=True, bold=False, color=array([1., 1., 1.]), colorSpace='rgb', contrast=1.0, depth=-1.0, draggable=False, flipHoriz=False, flipVert=False, font='Arial', fontFiles=[], height=np.float64(0.05), italic=False, languageStyle='LTR', name='formal_text', opacity=1, ori=0.0, pos=array([0., 0.]), rgb=UNKNOWN, text=str(...), units='height', win=Window(...), wrapWidth=1)
17.9097 	EXP 	Created fix_text = TextStim(__class__=<class 'psychopy.visual.text.TextStim'>, alignHoriz=method-wrapper(...), alignText='center', alignVert=method-wrapper(...), anchorHoriz='center', anchorVert='center', antialias=True, autoDraw=False, autoLog=True, bold=False, color=array([1., 1., 1.]), colorSpace='rgb', contrast=1.0, depth=0.0, draggable=False, flipHoriz=False, flipVert=False, font='Arial', fontFiles=[], height=np.float64(0.05), italic=False, languageStyle='LTR', name='fix_text', opacity=1, ori=0.0, pos=array([0., 0.]), rgb=UNKNOWN, text='+', units='height', win=Window(...), wrapWidth=1)
17.9116 	EXP 	Created ITI_text = TextStim(__class__=<class 'psychopy.visual.text.TextStim'>, alignHoriz=method-wrapper(...), alignText='center', alignVert=method-wrapper(...), anchorHoriz='center', anchorVert='center', antialias=True, autoDraw=False, autoLog=True, bold=False, color=array([1., 1., 1.]), colorSpace='rgb', contrast=1.0, depth=0.0, draggable=False, flipHoriz=False, flipVert=False, font='Arial', fontFiles=[], height=np.float64(0.05), italic=False, languageStyle='LTR', name='ITI_text', opacity=1, ori=0.0, pos=array([0., 0.]), rgb=UNKNOWN, text='', units='height', win=Window(...), wrapWidth=1)
17.9283 	EXP 	Created rest_text = TextStim(__class__=<class 'psychopy.visual.text.TextStim'>, alignHoriz=method-wrapper(...), alignText='center', alignVert=method-wrapper(...), anchorHoriz='center', anchorVert='center', antialias=True, autoDraw=False, autoLog=True, bold=False, color=array([1., 1., 1.]), colorSpace='rgb', contrast=1.0, depth=-1.0, draggable=False, flipHoriz=False, flipVert=False, font='Arial', fontFiles=[], height=np.float64(0.05), italic=False, languageStyle='LTR', name='rest_text', opacity=1, ori=0.0, pos=array([0., 0.]), rgb=UNKNOWN, text='休息時間。\n準備好後請按【空白鍵】繼續實驗。', units='height', win=Window(...), wrapWidth=1)
17.9293 	EXP 	Created thanks_text = TextStim(__class__=<class 'psychopy.visual.text.TextStim'>, alignHoriz=method-wrapper(...), alignText='center', alignVert=method-wrapper(...), anchorHoriz='center', anchorVert='center', antialias=True, autoDraw=False, autoLog=True, bold=False, color=array([1., 1., 1.]), colorSpace='rgb', contrast=1.0, depth=-1.0, draggable=False, flipHoriz=False, flipVert=False, font='Arial', fontFiles=[], height=0.05, italic=False, languageStyle='LTR', name='thanks_text', opacity=1, ori=0.0, pos=array([0., 0.]), rgb=UNKNOWN, text='', units='height', win=Window(...), wrapWidth=1)
0.0303 	INFO 	Keyboard events cleared
0.0302 	EXP 	open_text: autoDraw = True
1.9516 	EXP 	Device response: <KeyPress from None: t=1.852046000014525, value=escape, duration=None>
1.9678 	EXP 	Device response: <KeyPress from None: t=1.852046000014525, value=escape, duration=0.11350520001724362>
1.9678 	EXP 	midterm_project: status = STOPPED
1.9701 	DATA 	Keypress: escape
1.9816 	EXP 	open_text: autoDraw = False
1.9848 	EXP 	midterm_project: status = STOPPED
1.9877 	INFO 	saved data to 'C:\\irene_python\\week8_midterm_project\\data\\pilot_midterm_project_2026-04-19_10h21.55.028.csv'
1.9888 	INFO 	saved data to C:\irene_python\week8_midterm_project\data\pilot_midterm_project_2026-04-19_10h21.55.028.psydat
2.5627 	DEBUG 	Saving data for midterm_project ExperimentHandler
2.5905 	WARNING 	Stopping key buffers but this could be dangerous ifother keyboards rely on the same.
