7.0204 	DEBUG 	Fullscreen settings ignored as running in pilot mode.
7.0213 	INFO 	Loaded monitor calibration from ['2026_03_19 09:19']
7.3479 	INFO 	Using renderer 'Intel(R) UHD Graphics' for graphics
7.3479 	INFO 	OpenGL version supported by driver is 4..
8.0459 	EXP 	Created window1 = Window(allowGUI=False, allowStencil=False, autoLog=True, backendConf=UNKNOWN, backgroundFit=<method-wrapper '__getattribute__' of attributeSetter object at 0x0000020BC84D0850>, backgroundImage=<method-wrapper '__getattribute__' of attributeSetter object at 0x0000020BC84D07F0>, bitsMode=UNKNOWN, blendMode='avg', bpc=(8, 8, 8), color=array([0, 0, 0]), colorSpace='rgb', depthBits=8, fullscr=False, gamma=None, gammaErrorPolicy='raise', infoMsg=UNKNOWN, lms=UNKNOWN, monitor=<psychopy.monitors.calibTools.Monitor object at 0x0000020BBE8612A0>, multiSample=False, name='window1', numSamples=2, pos=[np.float64(560.0), np.float64(240.0)], screen=0, size=array([800, 600]), stencilBits=0, stereo=False, title='PsychoPy', units='height', useFBO=True, useRetina=False, viewOri=0.0, viewPos=None, viewScale=None, waitBlanking=True, winType='pyglet')
8.0460 	EXP 	window1: backgroundImage = ''
8.0460 	EXP 	window1: backgroundFit = 'none'
8.0790 	DEBUG 	TextBox2 loaded 1 chars with 0 blanks and 1 valid
8.0947 	DEBUG 	TextBox2 loaded 1 chars with 0 blanks and 1 valid
8.1105 	DEBUG 	TextBox2 loaded 1 chars with 0 blanks and 1 valid
8.1256 	DEBUG 	TextBox2 loaded 1 chars with 0 blanks and 1 valid
8.1403 	DEBUG 	TextBox2 loaded 1 chars with 0 blanks and 1 valid
8.1550 	DEBUG 	TextBox2 loaded 1 chars with 0 blanks and 1 valid
8.1697 	DEBUG 	TextBox2 loaded 1 chars with 0 blanks and 1 valid
8.1842 	DEBUG 	TextBox2 loaded 1 chars with 0 blanks and 1 valid
8.1984 	DEBUG 	TextBox2 loaded 1 chars with 0 blanks and 1 valid
8.2132 	DEBUG 	TextBox2 loaded 1 chars with 0 blanks and 1 valid
8.2281 	DEBUG 	TextBox2 loaded 1 chars with 0 blanks and 1 valid
8.2422 	DEBUG 	TextBox2 loaded 1 chars with 0 blanks and 1 valid
8.2569 	DEBUG 	TextBox2 loaded 1 chars with 0 blanks and 1 valid
8.2723 	DEBUG 	TextBox2 loaded 1 chars with 0 blanks and 1 valid
8.2876 	DEBUG 	TextBox2 loaded 1 chars with 0 blanks and 1 valid
8.3023 	DEBUG 	TextBox2 loaded 1 chars with 0 blanks and 1 valid
8.3172 	DEBUG 	TextBox2 loaded 1 chars with 0 blanks and 1 valid
8.3315 	DEBUG 	TextBox2 loaded 1 chars with 0 blanks and 1 valid
8.3458 	DEBUG 	TextBox2 loaded 1 chars with 0 blanks and 1 valid
8.3608 	DEBUG 	TextBox2 loaded 1 chars with 0 blanks and 1 valid
8.3753 	DEBUG 	TextBox2 loaded 1 chars with 0 blanks and 1 valid
8.3759 	DEBUG 	Uploading Texture Font fontname to graphics card
8.3803 	DEBUG 	Upload of Texture Font fontname complete
8.4112 	DEBUG 	TextBox2 loaded 1 chars with 0 blanks and 1 valid
8.4268 	DEBUG 	TextBox2 loaded 1 chars with 0 blanks and 1 valid
8.4418 	DEBUG 	TextBox2 loaded 1 chars with 0 blanks and 1 valid
8.4421 	DEBUG 	Uploading Texture Font fontname to graphics card
8.4457 	DEBUG 	Upload of Texture Font fontname complete
8.4476 	EXP 	window1: Attempting to measure frame rate of screen (0) ...
8.4477 	EXP 	window1: recordFrameIntervals = False
8.6448 	EXP 	window1: recordFrameIntervals = True
10.3110 	EXP 	window1: recordFrameIntervals = False
10.3111 	EXP 	Screen (0) actual frame rate measured at 60.18Hz
10.3508 	DEBUG 	TextBox2 loaded 1 chars with 0 blanks and 1 valid
10.3671 	DEBUG 	TextBox2 loaded 1 chars with 0 blanks and 1 valid
10.3827 	DEBUG 	TextBox2 loaded 1 chars with 0 blanks and 1 valid
10.3979 	DEBUG 	TextBox2 loaded 1 chars with 0 blanks and 1 valid
10.4127 	DEBUG 	TextBox2 loaded 1 chars with 0 blanks and 1 valid
10.4273 	DEBUG 	TextBox2 loaded 1 chars with 0 blanks and 1 valid
10.4447 	DEBUG 	TextBox2 loaded 1 chars with 0 blanks and 1 valid
10.4602 	DEBUG 	TextBox2 loaded 1 chars with 0 blanks and 1 valid
10.4755 	DEBUG 	TextBox2 loaded 1 chars with 0 blanks and 1 valid
10.4897 	DEBUG 	TextBox2 loaded 1 chars with 0 blanks and 1 valid
10.4901 	DEBUG 	Uploading Texture Font fontname to graphics card
10.4933 	DEBUG 	Upload of Texture Font fontname complete
10.5992 	INFO 	keyboard.Keyboard is using ptb backend.
10.5993 	EXP 	midterm_project: status = STARTED
10.7495 	EXP 	Created open_text = TextStim(__class__=<class 'psychopy.visual.text.TextStim'>, alignHoriz=method-wrapper(...), alignText='center', alignVert=method-wrapper(...), anchorHoriz='center', anchorVert='center', antialias=True, autoDraw=False, autoLog=True, bold=False, color=array([1., 1., 1.]), colorSpace='rgb', contrast=1.0, depth=0.0, draggable=False, flipHoriz=False, flipVert=False, font='Arial', fontFiles=[], height=np.float64(0.05), italic=False, languageStyle='LTR', name='open_text', opacity=1, ori=0.0, pos=array([0., 0.]), rgb=UNKNOWN, text=str(...), units='height', win=Window(...), wrapWidth=1)
10.7764 	EXP 	Created prac_text = TextStim(__class__=<class 'psychopy.visual.text.TextStim'>, alignHoriz=method-wrapper(...), alignText='center', alignVert=method-wrapper(...), anchorHoriz='center', anchorVert='center', antialias=True, autoDraw=False, autoLog=True, bold=False, color=array([1., 1., 1.]), colorSpace='rgb', contrast=1.0, depth=0.0, draggable=False, flipHoriz=False, flipVert=False, font='Arial', fontFiles=[], height=np.float64(0.05), italic=False, languageStyle='LTR', name='prac_text', opacity=1, ori=0.0, pos=array([0., 0.]), rgb=UNKNOWN, text=str(...), units='height', win=Window(...), wrapWidth=1)
10.7793 	EXP 	Created fix_text = TextStim(__class__=<class 'psychopy.visual.text.TextStim'>, alignHoriz=method-wrapper(...), alignText='center', alignVert=method-wrapper(...), anchorHoriz='center', anchorVert='center', antialias=True, autoDraw=False, autoLog=True, bold=False, color=array([1., 1., 1.]), colorSpace='rgb', contrast=1.0, depth=0.0, draggable=False, flipHoriz=False, flipVert=False, font='Arial', fontFiles=[], height=np.float64(0.05), italic=False, languageStyle='LTR', name='fix_text', opacity=1, ori=0.0, pos=array([0., 0.]), rgb=UNKNOWN, text='+', units='height', win=Window(...), wrapWidth=1)
10.7806 	EXP 	Created fb_text = TextStim(__class__=<class 'psychopy.visual.text.TextStim'>, alignHoriz=method-wrapper(...), alignText='center', alignVert=method-wrapper(...), anchorHoriz='center', anchorVert='center', antialias=True, autoDraw=False, autoLog=True, bold=False, color=array([1., 1., 1.]), colorSpace='rgb', contrast=1.0, depth=-1.0, draggable=False, flipHoriz=False, flipVert=False, font='Arial', fontFiles=[], height=0.05, italic=False, languageStyle='LTR', name='fb_text', opacity=1, ori=0.0, pos=array([0., 0.]), rgb=UNKNOWN, text='', units='height', win=Window(...), wrapWidth=1)
10.7821 	EXP 	Created ITI_text = TextStim(__class__=<class 'psychopy.visual.text.TextStim'>, alignHoriz=method-wrapper(...), alignText='center', alignVert=method-wrapper(...), anchorHoriz='center', anchorVert='center', antialias=True, autoDraw=False, autoLog=True, bold=False, color=array([1., 1., 1.]), colorSpace='rgb', contrast=1.0, depth=0.0, draggable=False, flipHoriz=False, flipVert=False, font='Arial', fontFiles=[], height=np.float64(0.05), italic=False, languageStyle='LTR', name='ITI_text', opacity=1, ori=0.0, pos=array([0., 0.]), rgb=UNKNOWN, text='', units='height', win=Window(...), wrapWidth=1)
10.7828 	EXP 	Created prac_fb_text = TextStim(__class__=<class 'psychopy.visual.text.TextStim'>, alignHoriz=method-wrapper(...), alignText='center', alignVert=method-wrapper(...), anchorHoriz='center', anchorVert='center', antialias=True, autoDraw=False, autoLog=True, bold=False, color=array([1., 1., 1.]), colorSpace='rgb', contrast=1.0, depth=-1.0, draggable=False, flipHoriz=False, flipVert=False, font='Arial', fontFiles=[], height=0.05, italic=False, languageStyle='LTR', name='prac_fb_text', opacity=1, ori=0.0, pos=array([0., 0.]), rgb=UNKNOWN, text='', units='height', win=Window(...), wrapWidth=1)
10.8112 	EXP 	Created formal_text = TextStim(__class__=<class 'psychopy.visual.text.TextStim'>, alignHoriz=method-wrapper(...), alignText='center', alignVert=method-wrapper(...), anchorHoriz='center', anchorVert='center', antialias=True, autoDraw=False, autoLog=True, bold=False, color=array([1., 1., 1.]), colorSpace='rgb', contrast=1.0, depth=-1.0, draggable=False, flipHoriz=False, flipVert=False, font='Arial', fontFiles=[], height=np.float64(0.05), italic=False, languageStyle='LTR', name='formal_text', opacity=1, ori=0.0, pos=array([0., 0.]), rgb=UNKNOWN, text=str(...), units='height', win=Window(...), wrapWidth=1)
10.8135 	EXP 	Created fix_text = TextStim(__class__=<class 'psychopy.visual.text.TextStim'>, alignHoriz=method-wrapper(...), alignText='center', alignVert=method-wrapper(...), anchorHoriz='center', anchorVert='center', antialias=True, autoDraw=False, autoLog=True, bold=False, color=array([1., 1., 1.]), colorSpace='rgb', contrast=1.0, depth=0.0, draggable=False, flipHoriz=False, flipVert=False, font='Arial', fontFiles=[], height=np.float64(0.05), italic=False, languageStyle='LTR', name='fix_text', opacity=1, ori=0.0, pos=array([0., 0.]), rgb=UNKNOWN, text='+', units='height', win=Window(...), wrapWidth=1)
10.8149 	EXP 	Created ITI_text = TextStim(__class__=<class 'psychopy.visual.text.TextStim'>, alignHoriz=method-wrapper(...), alignText='center', alignVert=method-wrapper(...), anchorHoriz='center', anchorVert='center', antialias=True, autoDraw=False, autoLog=True, bold=False, color=array([1., 1., 1.]), colorSpace='rgb', contrast=1.0, depth=0.0, draggable=False, flipHoriz=False, flipVert=False, font='Arial', fontFiles=[], height=np.float64(0.05), italic=False, languageStyle='LTR', name='ITI_text', opacity=1, ori=0.0, pos=array([0., 0.]), rgb=UNKNOWN, text='', units='height', win=Window(...), wrapWidth=1)
10.8229 	EXP 	Created rest_text = TextStim(__class__=<class 'psychopy.visual.text.TextStim'>, alignHoriz=method-wrapper(...), alignText='center', alignVert=method-wrapper(...), anchorHoriz='center', anchorVert='center', antialias=True, autoDraw=False, autoLog=True, bold=False, color=array([1., 1., 1.]), colorSpace='rgb', contrast=1.0, depth=-1.0, draggable=False, flipHoriz=False, flipVert=False, font='Arial', fontFiles=[], height=np.float64(0.05), italic=False, languageStyle='LTR', name='rest_text', opacity=1, ori=0.0, pos=array([0., 0.]), rgb=UNKNOWN, text='休息時間。\n準備好後請按【空白鍵】繼續實驗。', units='height', win=Window(...), wrapWidth=1)
10.8239 	EXP 	Created thanks_text = TextStim(__class__=<class 'psychopy.visual.text.TextStim'>, alignHoriz=method-wrapper(...), alignText='center', alignVert=method-wrapper(...), anchorHoriz='center', anchorVert='center', antialias=True, autoDraw=False, autoLog=True, bold=False, color=array([1., 1., 1.]), colorSpace='rgb', contrast=1.0, depth=-1.0, draggable=False, flipHoriz=False, flipVert=False, font='Arial', fontFiles=[], height=0.05, italic=False, languageStyle='LTR', name='thanks_text', opacity=1, ori=0.0, pos=array([0., 0.]), rgb=UNKNOWN, text='', units='height', win=Window(...), wrapWidth=1)
0.0366 	INFO 	Keyboard events cleared
0.0366 	EXP 	open_text: autoDraw = True
1.5288 	EXP 	Device response: <KeyPress from None: t=1.5126140999491327, value=space, duration=None>
1.5371 	INFO 	Keyboard events cleared
1.5371 	EXP 	open_text: autoDraw = False
1.5371 	EXP 	prac_text: autoDraw = True
1.5563 	EXP 	Device response: <KeyPress from None: t=1.5126140999491327, value=space, duration=0.03733520000241697>
1.5778 	DATA 	KeyPress:  
2.3411 	EXP 	Device response: <KeyPress from None: t=2.337379199976567, value=space, duration=None>
2.3420 	EXP 	New trial (rep=0, index=0): <Trial 0 (0 in rep 0) data={'thisN': 0, 'thisTrialN': 0, 'thisRepN': 0}>
2.3507 	DEBUG 	Read excel file with openpyxl: practice_cond.xlsx
2.3514 	EXP 	Imported practice_cond.xlsx as conditions, 6 conditions, 4 params
2.3518 	EXP 	New trial (rep=0, index=0): <Trial 0 (0 in rep 0) data={'set_size': 12, 'target_present': 0, 'condition_type': 'feature', 'corr_resp': 'left', 'thisN': 0, 'thisTrialN': 0, 'thisRepN': 0}>
2.3716 	EXP 	prac_text: autoDraw = False
2.3716 	EXP 	fix_text: autoDraw = True
2.4221 	DATA 	KeyPress:  
2.4588 	EXP 	Device response: <KeyPress from None: t=2.337379199976567, value=space, duration=0.11277230002451688>
2.8586 	EXP 	Created unnamed Rect = Rect(__class__=<class 'psychopy.visual.rect.Rect'>, anchor=('center', 'center'), autoDraw=False, autoLog=True, closeShape=True, color=method-wrapper(...), colorSpace='rgb', contrast=None, depth=0, draggable=False, fillColor=array([-1, -1,  1]), fillColorSpace='rgb', fillRGB=array([-1, -1,  1]), interpolate=True, lineColor=array([-1., -1.,  1.]), lineColorSpace='rgb', lineRGB=array([-1, -1,  1]), lineWidth=1.5, name='unnamed Rect', opacity=1, ori=0.0, pos=array([-320.,   80.]), size=array([40., 40.]), units='pix', vertices=ndarray(...), win=Window(...))
2.8602 	EXP 	Created unnamed Rect = Rect(__class__=<class 'psychopy.visual.rect.Rect'>, anchor=('center', 'center'), autoDraw=False, autoLog=True, closeShape=True, color=method-wrapper(...), colorSpace='rgb', contrast=None, depth=0, draggable=False, fillColor=array([-1, -1,  1]), fillColorSpace='rgb', fillRGB=array([-1, -1,  1]), interpolate=True, lineColor=array([-1., -1.,  1.]), lineColorSpace='rgb', lineRGB=array([-1, -1,  1]), lineWidth=1.5, name='unnamed Rect', opacity=1, ori=0.0, pos=array([-80., 240.]), size=array([40., 40.]), units='pix', vertices=ndarray(...), win=Window(...))
2.8617 	EXP 	Created unnamed Rect = Rect(__class__=<class 'psychopy.visual.rect.Rect'>, anchor=('center', 'center'), autoDraw=False, autoLog=True, closeShape=True, color=method-wrapper(...), colorSpace='rgb', contrast=None, depth=0, draggable=False, fillColor=array([-1, -1,  1]), fillColorSpace='rgb', fillRGB=array([-1, -1,  1]), interpolate=True, lineColor=array([-1., -1.,  1.]), lineColorSpace='rgb', lineRGB=array([-1, -1,  1]), lineWidth=1.5, name='unnamed Rect', opacity=1, ori=0.0, pos=array([-80.,  80.]), size=array([40., 40.]), units='pix', vertices=ndarray(...), win=Window(...))
2.8632 	EXP 	Created unnamed Rect = Rect(__class__=<class 'psychopy.visual.rect.Rect'>, anchor=('center', 'center'), autoDraw=False, autoLog=True, closeShape=True, color=method-wrapper(...), colorSpace='rgb', contrast=None, depth=0, draggable=False, fillColor=array([-1, -1,  1]), fillColorSpace='rgb', fillRGB=array([-1, -1,  1]), interpolate=True, lineColor=array([-1., -1.,  1.]), lineColorSpace='rgb', lineRGB=array([-1, -1,  1]), lineWidth=1.5, name='unnamed Rect', opacity=1, ori=0.0, pos=array([ -80., -160.]), size=array([40., 40.]), units='pix', vertices=ndarray(...), win=Window(...))
2.8647 	EXP 	Created unnamed Rect = Rect(__class__=<class 'psychopy.visual.rect.Rect'>, anchor=('center', 'center'), autoDraw=False, autoLog=True, closeShape=True, color=method-wrapper(...), colorSpace='rgb', contrast=None, depth=0, draggable=False, fillColor=array([-1, -1,  1]), fillColorSpace='rgb', fillRGB=array([-1, -1,  1]), interpolate=True, lineColor=array([-1., -1.,  1.]), lineColorSpace='rgb', lineRGB=array([-1, -1,  1]), lineWidth=1.5, name='unnamed Rect', opacity=1, ori=0.0, pos=array([ 240., -240.]), size=array([40., 40.]), units='pix', vertices=ndarray(...), win=Window(...))
2.8661 	EXP 	Created unnamed Rect = Rect(__class__=<class 'psychopy.visual.rect.Rect'>, anchor=('center', 'center'), autoDraw=False, autoLog=True, closeShape=True, color=method-wrapper(...), colorSpace='rgb', contrast=None, depth=0, draggable=False, fillColor=array([-1, -1,  1]), fillColorSpace='rgb', fillRGB=array([-1, -1,  1]), interpolate=True, lineColor=array([-1., -1.,  1.]), lineColorSpace='rgb', lineRGB=array([-1, -1,  1]), lineWidth=1.5, name='unnamed Rect', opacity=1, ori=0.0, pos=array([320.,   0.]), size=array([40., 40.]), units='pix', vertices=ndarray(...), win=Window(...))
2.8676 	EXP 	Created unnamed Rect = Rect(__class__=<class 'psychopy.visual.rect.Rect'>, anchor=('center', 'center'), autoDraw=False, autoLog=True, closeShape=True, color=method-wrapper(...), colorSpace='rgb', contrast=None, depth=0, draggable=False, fillColor=array([-1, -1,  1]), fillColorSpace='rgb', fillRGB=array([-1, -1,  1]), interpolate=True, lineColor=array([-1., -1.,  1.]), lineColorSpace='rgb', lineRGB=array([-1, -1,  1]), lineWidth=1.5, name='unnamed Rect', opacity=1, ori=0.0, pos=array([ 240., -160.]), size=array([40., 40.]), units='pix', vertices=ndarray(...), win=Window(...))
2.8692 	EXP 	Created unnamed Rect = Rect(__class__=<class 'psychopy.visual.rect.Rect'>, anchor=('center', 'center'), autoDraw=False, autoLog=True, closeShape=True, color=method-wrapper(...), colorSpace='rgb', contrast=None, depth=0, draggable=False, fillColor=array([-1, -1,  1]), fillColorSpace='rgb', fillRGB=array([-1, -1,  1]), interpolate=True, lineColor=array([-1., -1.,  1.]), lineColorSpace='rgb', lineRGB=array([-1, -1,  1]), lineWidth=1.5, name='unnamed Rect', opacity=1, ori=0.0, pos=array([160., -80.]), size=array([40., 40.]), units='pix', vertices=ndarray(...), win=Window(...))
2.8708 	EXP 	Created unnamed Rect = Rect(__class__=<class 'psychopy.visual.rect.Rect'>, anchor=('center', 'center'), autoDraw=False, autoLog=True, closeShape=True, color=method-wrapper(...), colorSpace='rgb', contrast=None, depth=0, draggable=False, fillColor=array([-1, -1,  1]), fillColorSpace='rgb', fillRGB=array([-1, -1,  1]), interpolate=True, lineColor=array([-1., -1.,  1.]), lineColorSpace='rgb', lineRGB=array([-1, -1,  1]), lineWidth=1.5, name='unnamed Rect', opacity=1, ori=0.0, pos=array([240.,   0.]), size=array([40., 40.]), units='pix', vertices=ndarray(...), win=Window(...))
2.8721 	EXP 	Created unnamed Rect = Rect(__class__=<class 'psychopy.visual.rect.Rect'>, anchor=('center', 'center'), autoDraw=False, autoLog=True, closeShape=True, color=method-wrapper(...), colorSpace='rgb', contrast=None, depth=0, draggable=False, fillColor=array([-1, -1,  1]), fillColorSpace='rgb', fillRGB=array([-1, -1,  1]), interpolate=True, lineColor=array([-1., -1.,  1.]), lineColorSpace='rgb', lineRGB=array([-1, -1,  1]), lineWidth=1.5, name='unnamed Rect', opacity=1, ori=0.0, pos=array([-320.,  240.]), size=array([40., 40.]), units='pix', vertices=ndarray(...), win=Window(...))
2.8735 	EXP 	Created unnamed Rect = Rect(__class__=<class 'psychopy.visual.rect.Rect'>, anchor=('center', 'center'), autoDraw=False, autoLog=True, closeShape=True, color=method-wrapper(...), colorSpace='rgb', contrast=None, depth=0, draggable=False, fillColor=array([-1, -1,  1]), fillColorSpace='rgb', fillRGB=array([-1, -1,  1]), interpolate=True, lineColor=array([-1., -1.,  1.]), lineColorSpace='rgb', lineRGB=array([-1, -1,  1]), lineWidth=1.5, name='unnamed Rect', opacity=1, ori=0.0, pos=array([ -80., -240.]), size=array([40., 40.]), units='pix', vertices=ndarray(...), win=Window(...))
2.8749 	EXP 	Created unnamed Rect = Rect(__class__=<class 'psychopy.visual.rect.Rect'>, anchor=('center', 'center'), autoDraw=False, autoLog=True, closeShape=True, color=method-wrapper(...), colorSpace='rgb', contrast=None, depth=0, draggable=False, fillColor=array([-1, -1,  1]), fillColorSpace='rgb', fillRGB=array([-1, -1,  1]), interpolate=True, lineColor=array([-1., -1.,  1.]), lineColorSpace='rgb', lineRGB=array([-1, -1,  1]), lineWidth=1.5, name='unnamed Rect', opacity=1, ori=0.0, pos=array([-240.,  160.]), size=array([40., 40.]), units='pix', vertices=ndarray(...), win=Window(...))
2.9035 	INFO 	Keyboard events cleared
2.9034 	EXP 	fix_text: autoDraw = False
3.9079 	EXP 	Device response: <KeyPress from None: t=3.9003244999912567, value=right, duration=None>
3.9500 	DEBUG 	Saving data for midterm_project ExperimentHandler
3.9521 	INFO 	saved data to C:\irene_python\week8_midterm_project\data\pilot_midterm_project_2026-04-19_10h55.13.328.psydat
3.9539 	INFO 	saved data to 'C:\\irene_python\\week8_midterm_project\\data\\pilot_midterm_project_2026-04-19_10h55.13.328.csv'
3.9725 	WARNING 	Stopping key buffers but this could be dangerous ifother keyboards rely on the same.
